{"message":"Connected to .. mongodb://localhost/playground","level":"info"}
{"message":"Connected to .. mongodb://localhost/playground","level":"info"}
{"message":"Connected to .. mongodb://localhost/playground","level":"info"}
{"message":"Connected to .. mongodb://localhost/playground","level":"info"}
{"level":"error","message":"validator is not a function validator is not a function","stack":"TypeError: validator is not a function\n    at E:\\Node_Projects\\courseProject\\middlewire\\validateInput.js:4:25\n    at newFn (E:\\Node_Projects\\courseProject\\node_modules\\express-async-errors\\index.js:16:20)\n    at Layer.handle [as handle_request] (E:\\Node_Projects\\courseProject\\node_modules\\express\\lib\\router\\layer.js:95:5)\n    at next (E:\\Node_Projects\\courseProject\\node_modules\\express\\lib\\router\\route.js:137:13)\n    at module.exports (E:\\Node_Projects\\courseProject\\middlewire\\requireLogin.js:13:9)\n    at newFn (E:\\Node_Projects\\courseProject\\node_modules\\express-async-errors\\index.js:16:20)\n    at Layer.handle [as handle_request] (E:\\Node_Projects\\courseProject\\node_modules\\express\\lib\\router\\layer.js:95:5)\n    at next (E:\\Node_Projects\\courseProject\\node_modules\\express\\lib\\router\\route.js:137:13)\n    at Route.dispatch (E:\\Node_Projects\\courseProject\\node_modules\\express\\lib\\router\\route.js:112:3)\n    at newFn (E:\\Node_Projects\\courseProject\\node_modules\\express-async-errors\\index.js:16:20)\n    at Layer.handle [as handle_request] (E:\\Node_Projects\\courseProject\\node_modules\\express\\lib\\router\\layer.js:95:5)\n    at E:\\Node_Projects\\courseProject\\node_modules\\express\\lib\\router\\index.js:281:22\n    at Function.process_params (E:\\Node_Projects\\courseProject\\node_modules\\express\\lib\\router\\index.js:335:12)\n    at next (E:\\Node_Projects\\courseProject\\node_modules\\express\\lib\\router\\index.js:275:10)\n    at Function.handle (E:\\Node_Projects\\courseProject\\node_modules\\express\\lib\\router\\index.js:174:3)\n    at router (E:\\Node_Projects\\courseProject\\node_modules\\express\\lib\\router\\index.js:47:12)"}
{"level":"error","message":"validator is not a function validator is not a function","stack":"TypeError: validator is not a function\n    at E:\\Node_Projects\\courseProject\\middlewire\\validateInput.js:4:25\n    at newFn (E:\\Node_Projects\\courseProject\\node_modules\\express-async-errors\\index.js:16:20)\n    at Layer.handle [as handle_request] (E:\\Node_Projects\\courseProject\\node_modules\\express\\lib\\router\\layer.js:95:5)\n    at next (E:\\Node_Projects\\courseProject\\node_modules\\express\\lib\\router\\route.js:137:13)\n    at module.exports (E:\\Node_Projects\\courseProject\\middlewire\\requireLogin.js:13:9)\n    at newFn (E:\\Node_Projects\\courseProject\\node_modules\\express-async-errors\\index.js:16:20)\n    at Layer.handle [as handle_request] (E:\\Node_Projects\\courseProject\\node_modules\\express\\lib\\router\\layer.js:95:5)\n    at next (E:\\Node_Projects\\courseProject\\node_modules\\express\\lib\\router\\route.js:137:13)\n    at Route.dispatch (E:\\Node_Projects\\courseProject\\node_modules\\express\\lib\\router\\route.js:112:3)\n    at newFn (E:\\Node_Projects\\courseProject\\node_modules\\express-async-errors\\index.js:16:20)\n    at Layer.handle [as handle_request] (E:\\Node_Projects\\courseProject\\node_modules\\express\\lib\\router\\layer.js:95:5)\n    at E:\\Node_Projects\\courseProject\\node_modules\\express\\lib\\router\\index.js:281:22\n    at Function.process_params (E:\\Node_Projects\\courseProject\\node_modules\\express\\lib\\router\\index.js:335:12)\n    at next (E:\\Node_Projects\\courseProject\\node_modules\\express\\lib\\router\\index.js:275:10)\n    at Function.handle (E:\\Node_Projects\\courseProject\\node_modules\\express\\lib\\router\\index.js:174:3)\n    at router (E:\\Node_Projects\\courseProject\\node_modules\\express\\lib\\router\\index.js:47:12)"}
{"level":"error","message":"validator is not a function validator is not a function","stack":"TypeError: validator is not a function\n    at E:\\Node_Projects\\courseProject\\middlewire\\validateInput.js:4:25\n    at newFn (E:\\Node_Projects\\courseProject\\node_modules\\express-async-errors\\index.js:16:20)\n    at Layer.handle [as handle_request] (E:\\Node_Projects\\courseProject\\node_modules\\express\\lib\\router\\layer.js:95:5)\n    at next (E:\\Node_Projects\\courseProject\\node_modules\\express\\lib\\router\\route.js:137:13)\n    at module.exports (E:\\Node_Projects\\courseProject\\middlewire\\requireLogin.js:13:9)\n    at newFn (E:\\Node_Projects\\courseProject\\node_modules\\express-async-errors\\index.js:16:20)\n    at Layer.handle [as handle_request] (E:\\Node_Projects\\courseProject\\node_modules\\express\\lib\\router\\layer.js:95:5)\n    at next (E:\\Node_Projects\\courseProject\\node_modules\\express\\lib\\router\\route.js:137:13)\n    at Route.dispatch (E:\\Node_Projects\\courseProject\\node_modules\\express\\lib\\router\\route.js:112:3)\n    at newFn (E:\\Node_Projects\\courseProject\\node_modules\\express-async-errors\\index.js:16:20)\n    at Layer.handle [as handle_request] (E:\\Node_Projects\\courseProject\\node_modules\\express\\lib\\router\\layer.js:95:5)\n    at E:\\Node_Projects\\courseProject\\node_modules\\express\\lib\\router\\index.js:281:22\n    at Function.process_params (E:\\Node_Projects\\courseProject\\node_modules\\express\\lib\\router\\index.js:335:12)\n    at next (E:\\Node_Projects\\courseProject\\node_modules\\express\\lib\\router\\index.js:275:10)\n    at Function.handle (E:\\Node_Projects\\courseProject\\node_modules\\express\\lib\\router\\index.js:174:3)\n    at router (E:\\Node_Projects\\courseProject\\node_modules\\express\\lib\\router\\index.js:47:12)"}
{"message":"Connected to .. mongodb://localhost/playground","level":"info"}
{"message":"Connected to .. mongodb://localhost/playground_test","level":"info"}
{"message":"Connected to .. mongodb://localhost/playground_test","level":"info"}
{"code":"ERR_HTTP_HEADERS_SENT","level":"error","message":"Cannot set headers after they are sent to the client Cannot set headers after they are sent to the client","stack":"Error [ERR_HTTP_HEADERS_SENT]: Cannot set headers after they are sent to the client\n    at ServerResponse.setHeader (_http_outgoing.js:518:11)\n    at ServerResponse.header (E:\\Node_Projects\\courseProject\\node_modules\\express\\lib\\response.js:771:10)\n    at ServerResponse.send (E:\\Node_Projects\\courseProject\\node_modules\\express\\lib\\response.js:170:12)\n    at E:\\Node_Projects\\courseProject\\routes\\courses.js:28:44\n    at processTicksAndRejections (internal/process/task_queues.js:97:5)"}
{"message":"Connected to .. mongodb://localhost/playground_test","level":"info"}
{"message":"Connected to .. mongodb://localhost/playground_test","level":"info"}
{"message":"Connected to .. mongodb://localhost/playground_test","level":"info"}
{"message":"Connected to .. mongodb://localhost/playground_test","level":"info"}
{"message":"Connected to .. mongodb://localhost/playground_test","level":"info"}
{"message":"Connected to .. mongodb://localhost/playground_test","level":"info"}
{"code":"ERR_HTTP_HEADERS_SENT","level":"error","message":"Cannot set headers after they are sent to the client Cannot set headers after they are sent to the client","stack":"Error [ERR_HTTP_HEADERS_SENT]: Cannot set headers after they are sent to the client\n    at ServerResponse.setHeader (_http_outgoing.js:518:11)\n    at ServerResponse.header (E:\\Node_Projects\\courseProject\\node_modules\\express\\lib\\response.js:771:10)\n    at ServerResponse.send (E:\\Node_Projects\\courseProject\\node_modules\\express\\lib\\response.js:170:12)\n    at E:\\Node_Projects\\courseProject\\routes\\courses.js:28:44\n    at processTicksAndRejections (internal/process/task_queues.js:97:5)"}
{"message":"Connected to .. mongodb://localhost/playground_test","level":"info"}
{"message":"Connected to .. mongodb://localhost/playground_test","level":"info"}
{"message":"Connected to .. mongodb://localhost/playground_test","level":"info"}
{"message":"Connected to .. mongodb://localhost/playground_test","level":"info"}
{"message":"Connected to .. mongodb://localhost/playground_test","level":"info"}
{"message":"Connected to .. mongodb://localhost/playground_test","level":"info"}
{"code":"ERR_HTTP_HEADERS_SENT","level":"error","message":"Cannot set headers after they are sent to the client Cannot set headers after they are sent to the client","stack":"Error [ERR_HTTP_HEADERS_SENT]: Cannot set headers after they are sent to the client\n    at ServerResponse.setHeader (_http_outgoing.js:518:11)\n    at ServerResponse.header (E:\\Node_Projects\\courseProject\\node_modules\\express\\lib\\response.js:771:10)\n    at ServerResponse.send (E:\\Node_Projects\\courseProject\\node_modules\\express\\lib\\response.js:170:12)\n    at E:\\Node_Projects\\courseProject\\routes\\courses.js:28:44\n    at processTicksAndRejections (internal/process/task_queues.js:97:5)"}
{"message":"Connected to .. mongodb://localhost/playground_test","level":"info"}
{"message":"Connected to .. mongodb://localhost/playground_test","level":"info"}
{"message":"Connected to .. mongodb://localhost/playground_test","level":"info"}
{"message":"Connected to .. mongodb://localhost/playground_test","level":"info"}
{"message":"Connected to .. mongodb://localhost/playground_test","level":"info"}
{"code":"ERR_HTTP_HEADERS_SENT","level":"error","message":"Cannot set headers after they are sent to the client Cannot set headers after they are sent to the client","stack":"Error [ERR_HTTP_HEADERS_SENT]: Cannot set headers after they are sent to the client\n    at ServerResponse.setHeader (_http_outgoing.js:518:11)\n    at ServerResponse.header (E:\\Node_Projects\\courseProject\\node_modules\\express\\lib\\response.js:771:10)\n    at ServerResponse.send (E:\\Node_Projects\\courseProject\\node_modules\\express\\lib\\response.js:170:12)\n    at E:\\Node_Projects\\courseProject\\routes\\courses.js:28:44\n    at processTicksAndRejections (internal/process/task_queues.js:97:5)"}
{"message":"Connected to .. mongodb://localhost/playground_test","level":"info"}
{"message":"Connected to .. mongodb://localhost/playground_test","level":"info"}
{"message":"Connected to .. mongodb://localhost/playground_test","level":"info"}
{"message":"Connected to .. mongodb://localhost/playground_test","level":"info"}
{"message":"Connected to .. mongodb://localhost/playground_test","level":"info"}
{"message":"Connected to .. mongodb://localhost/playground_test","level":"info"}
{"code":"ERR_HTTP_HEADERS_SENT","level":"error","message":"Cannot set headers after they are sent to the client Cannot set headers after they are sent to the client","stack":"Error [ERR_HTTP_HEADERS_SENT]: Cannot set headers after they are sent to the client\n    at ServerResponse.setHeader (_http_outgoing.js:518:11)\n    at ServerResponse.header (E:\\Node_Projects\\courseProject\\node_modules\\express\\lib\\response.js:771:10)\n    at ServerResponse.send (E:\\Node_Projects\\courseProject\\node_modules\\express\\lib\\response.js:170:12)\n    at E:\\Node_Projects\\courseProject\\routes\\courses.js:28:44\n    at processTicksAndRejections (internal/process/task_queues.js:97:5)"}
{"message":"Connected to .. mongodb://localhost/playground_test","level":"info"}
{"message":"Connected to .. mongodb://localhost/playground_test","level":"info"}
{"code":"ERR_HTTP_HEADERS_SENT","level":"error","message":"Cannot set headers after they are sent to the client Cannot set headers after they are sent to the client","stack":"Error [ERR_HTTP_HEADERS_SENT]: Cannot set headers after they are sent to the client\n    at ServerResponse.setHeader (_http_outgoing.js:518:11)\n    at ServerResponse.header (E:\\Node_Projects\\courseProject\\node_modules\\express\\lib\\response.js:771:10)\n    at ServerResponse.send (E:\\Node_Projects\\courseProject\\node_modules\\express\\lib\\response.js:170:12)\n    at E:\\Node_Projects\\courseProject\\routes\\courses.js:28:44\n    at processTicksAndRejections (internal/process/task_queues.js:97:5)"}
{"message":"Connected to .. mongodb://localhost/playground_test","level":"info"}
{"message":"Connected to .. mongodb://localhost/playground_test","level":"info"}
{"message":"Connected to .. mongodb://localhost/playground_test","level":"info"}
{"message":"Connected to .. mongodb://localhost/playground_test","level":"info"}
{"message":"Connected to .. mongodb://localhost/playground_test","level":"info"}
{"code":"ERR_HTTP_HEADERS_SENT","level":"error","message":"Cannot set headers after they are sent to the client Cannot set headers after they are sent to the client","stack":"Error [ERR_HTTP_HEADERS_SENT]: Cannot set headers after they are sent to the client\n    at ServerResponse.setHeader (_http_outgoing.js:518:11)\n    at ServerResponse.header (E:\\Node_Projects\\courseProject\\node_modules\\express\\lib\\response.js:771:10)\n    at ServerResponse.send (E:\\Node_Projects\\courseProject\\node_modules\\express\\lib\\response.js:170:12)\n    at E:\\Node_Projects\\courseProject\\routes\\courses.js:28:44\n    at processTicksAndRejections (internal/process/task_queues.js:97:5)"}
{"message":"Connected to .. mongodb://localhost/playground_test","level":"info"}
{"message":"Connected to .. mongodb://localhost/playground_test","level":"info"}
{"message":"Connected to .. mongodb://localhost/playground_test","level":"info"}
{"message":"Connected to .. mongodb://localhost/playground_test","level":"info"}
{"message":"Connected to .. mongodb://localhost/playground_test","level":"info"}
{"message":"Connected to .. mongodb://localhost/playground_test","level":"info"}
{"code":"ERR_HTTP_HEADERS_SENT","level":"error","message":"Cannot set headers after they are sent to the client Cannot set headers after they are sent to the client","stack":"Error [ERR_HTTP_HEADERS_SENT]: Cannot set headers after they are sent to the client\n    at ServerResponse.setHeader (_http_outgoing.js:518:11)\n    at ServerResponse.header (E:\\Node_Projects\\courseProject\\node_modules\\express\\lib\\response.js:771:10)\n    at ServerResponse.send (E:\\Node_Projects\\courseProject\\node_modules\\express\\lib\\response.js:170:12)\n    at E:\\Node_Projects\\courseProject\\routes\\courses.js:28:44\n    at processTicksAndRejections (internal/process/task_queues.js:97:5)"}
{"message":"Connected to .. mongodb://localhost/playground_test","level":"info"}
{"message":"Connected to .. mongodb://localhost/playground_test","level":"info"}
{"message":"Connected to .. mongodb://localhost/playground_test","level":"info"}
{"message":"Connected to .. mongodb://localhost/playground_test","level":"info"}
{"message":"Connected to .. mongodb://localhost/playground_test","level":"info"}
{"message":"Connected to .. mongodb://localhost/playground_test","level":"info"}
{"code":"ERR_HTTP_HEADERS_SENT","level":"error","message":"Cannot set headers after they are sent to the client Cannot set headers after they are sent to the client","stack":"Error [ERR_HTTP_HEADERS_SENT]: Cannot set headers after they are sent to the client\n    at ServerResponse.setHeader (_http_outgoing.js:518:11)\n    at ServerResponse.header (E:\\Node_Projects\\courseProject\\node_modules\\express\\lib\\response.js:771:10)\n    at ServerResponse.send (E:\\Node_Projects\\courseProject\\node_modules\\express\\lib\\response.js:170:12)\n    at E:\\Node_Projects\\courseProject\\routes\\courses.js:28:44\n    at processTicksAndRejections (internal/process/task_queues.js:97:5)"}
{"message":"Connected to .. mongodb://localhost/playground_test","level":"info"}
{"message":"Connected to .. mongodb://localhost/playground_test","level":"info"}
{"message":"Connected to .. mongodb://localhost/playground_test","level":"info"}
{"message":"Connected to .. mongodb://localhost/playground_test","level":"info"}
{"message":"Connected to .. mongodb://localhost/playground_test","level":"info"}
{"code":"ERR_HTTP_HEADERS_SENT","level":"error","message":"Cannot set headers after they are sent to the client Cannot set headers after they are sent to the client","stack":"Error [ERR_HTTP_HEADERS_SENT]: Cannot set headers after they are sent to the client\n    at ServerResponse.setHeader (_http_outgoing.js:518:11)\n    at ServerResponse.header (E:\\Node_Projects\\courseProject\\node_modules\\express\\lib\\response.js:771:10)\n    at ServerResponse.send (E:\\Node_Projects\\courseProject\\node_modules\\express\\lib\\response.js:170:12)\n    at E:\\Node_Projects\\courseProject\\routes\\courses.js:28:44\n    at processTicksAndRejections (internal/process/task_queues.js:97:5)"}
{"message":"Connected to .. mongodb://localhost/playground_test","level":"info"}
{"message":"Connected to .. mongodb://localhost/playground_test","level":"info"}
{"message":"Connected to .. mongodb://localhost/playground_test","level":"info"}
{"message":"Connected to .. mongodb://localhost/playground_test","level":"info"}
{"message":"Connected to .. mongodb://localhost/playground_test","level":"info"}
{"message":"Connected to .. mongodb://localhost/playground_test","level":"info"}
{"code":"ERR_HTTP_HEADERS_SENT","level":"error","message":"Cannot set headers after they are sent to the client Cannot set headers after they are sent to the client","stack":"Error [ERR_HTTP_HEADERS_SENT]: Cannot set headers after they are sent to the client\n    at ServerResponse.setHeader (_http_outgoing.js:518:11)\n    at ServerResponse.header (E:\\Node_Projects\\courseProject\\node_modules\\express\\lib\\response.js:771:10)\n    at ServerResponse.send (E:\\Node_Projects\\courseProject\\node_modules\\express\\lib\\response.js:170:12)\n    at E:\\Node_Projects\\courseProject\\routes\\courses.js:28:44\n    at processTicksAndRejections (internal/process/task_queues.js:97:5)"}
{"message":"Connected to .. mongodb://localhost/playground_test","level":"info"}
{"message":"Connected to .. mongodb://localhost/playground_test","level":"info"}
{"message":"Connected to .. mongodb://localhost/playground_test","level":"info"}
{"message":"Connected to .. mongodb://localhost/playground_test","level":"info"}
{"code":"ERR_HTTP_HEADERS_SENT","level":"error","message":"Cannot set headers after they are sent to the client Cannot set headers after they are sent to the client","stack":"Error [ERR_HTTP_HEADERS_SENT]: Cannot set headers after they are sent to the client\n    at ServerResponse.setHeader (_http_outgoing.js:518:11)\n    at ServerResponse.header (E:\\Node_Projects\\courseProject\\node_modules\\express\\lib\\response.js:771:10)\n    at ServerResponse.send (E:\\Node_Projects\\courseProject\\node_modules\\express\\lib\\response.js:170:12)\n    at E:\\Node_Projects\\courseProject\\routes\\courses.js:28:44\n    at processTicksAndRejections (internal/process/task_queues.js:97:5)"}
{"message":"Connected to .. mongodb://localhost/playground_test","level":"info"}
{"message":"Connected to .. mongodb://localhost/playground_test","level":"info"}
{"code":"ERR_HTTP_HEADERS_SENT","level":"error","message":"Cannot set headers after they are sent to the client Cannot set headers after they are sent to the client","stack":"Error [ERR_HTTP_HEADERS_SENT]: Cannot set headers after they are sent to the client\n    at ServerResponse.setHeader (_http_outgoing.js:518:11)\n    at ServerResponse.header (E:\\Node_Projects\\courseProject\\node_modules\\express\\lib\\response.js:771:10)\n    at ServerResponse.send (E:\\Node_Projects\\courseProject\\node_modules\\express\\lib\\response.js:170:12)\n    at E:\\Node_Projects\\courseProject\\routes\\courses.js:28:44\n    at processTicksAndRejections (internal/process/task_queues.js:97:5)"}
{"message":"Connected to .. mongodb://localhost/playground_test","level":"info"}
{"message":"Connected to .. mongodb://localhost/playground_test","level":"info"}
{"message":"Connected to .. mongodb://localhost/playground_test","level":"info"}
{"message":"Connected to .. mongodb://localhost/playground_test","level":"info"}
{"message":"Connected to .. mongodb://localhost/playground_test","level":"info"}
{"message":"Connected to .. mongodb://localhost/playground_test","level":"info"}
{"message":"Connected to .. mongodb://localhost/playground_test","level":"info"}
{"message":"Connected to .. mongodb://localhost/playground_test","level":"info"}
{"code":"ERR_HTTP_HEADERS_SENT","level":"error","message":"Cannot set headers after they are sent to the client Cannot set headers after they are sent to the client","stack":"Error [ERR_HTTP_HEADERS_SENT]: Cannot set headers after they are sent to the client\n    at ServerResponse.setHeader (_http_outgoing.js:518:11)\n    at ServerResponse.header (E:\\Node_Projects\\courseProject\\node_modules\\express\\lib\\response.js:771:10)\n    at ServerResponse.send (E:\\Node_Projects\\courseProject\\node_modules\\express\\lib\\response.js:170:12)\n    at E:\\Node_Projects\\courseProject\\routes\\courses.js:28:44\n    at processTicksAndRejections (internal/process/task_queues.js:97:5)"}
{"message":"Connected to .. mongodb://localhost/playground_test","level":"info"}
{"message":"Connected to .. mongodb://localhost/playground_test","level":"info"}
{"message":"Connected to .. mongodb://localhost/playground_test","level":"info"}
{"message":"Connected to .. mongodb://localhost/playground_test","level":"info"}
{"message":"Connected to .. mongodb://localhost/playground_test","level":"info"}
{"code":"ERR_HTTP_HEADERS_SENT","level":"error","message":"Cannot set headers after they are sent to the client Cannot set headers after they are sent to the client","stack":"Error [ERR_HTTP_HEADERS_SENT]: Cannot set headers after they are sent to the client\n    at ServerResponse.setHeader (_http_outgoing.js:518:11)\n    at ServerResponse.header (E:\\Node_Projects\\courseProject\\node_modules\\express\\lib\\response.js:771:10)\n    at ServerResponse.send (E:\\Node_Projects\\courseProject\\node_modules\\express\\lib\\response.js:170:12)\n    at E:\\Node_Projects\\courseProject\\routes\\courses.js:28:44\n    at processTicksAndRejections (internal/process/task_queues.js:97:5)"}
{"message":"Connected to .. mongodb://localhost/playground_test","level":"info"}
{"message":"Connected to .. mongodb://localhost/playground_test","level":"info"}
{"message":"Connected to .. mongodb://localhost/playground_test","level":"info"}
{"message":"Connected to .. mongodb://localhost/playground_test","level":"info"}
{"message":"Connected to .. mongodb://localhost/playground_test","level":"info"}
{"code":"ERR_HTTP_HEADERS_SENT","level":"error","message":"Cannot set headers after they are sent to the client Cannot set headers after they are sent to the client","stack":"Error [ERR_HTTP_HEADERS_SENT]: Cannot set headers after they are sent to the client\n    at ServerResponse.setHeader (_http_outgoing.js:518:11)\n    at ServerResponse.header (E:\\Node_Projects\\courseProject\\node_modules\\express\\lib\\response.js:771:10)\n    at ServerResponse.send (E:\\Node_Projects\\courseProject\\node_modules\\express\\lib\\response.js:170:12)\n    at E:\\Node_Projects\\courseProject\\routes\\courses.js:28:44\n    at processTicksAndRejections (internal/process/task_queues.js:97:5)"}
{"message":"Connected to .. mongodb://localhost/playground_test","level":"info"}
{"message":"Connected to .. mongodb://localhost/playground_test","level":"info"}
{"message":"Connected to .. mongodb://localhost/playground_test","level":"info"}
{"message":"Connected to .. mongodb://localhost/playground_test","level":"info"}
{"message":"Connected to .. mongodb://localhost/playground_test","level":"info"}
{"code":"ERR_HTTP_HEADERS_SENT","level":"error","message":"Cannot set headers after they are sent to the client Cannot set headers after they are sent to the client","stack":"Error [ERR_HTTP_HEADERS_SENT]: Cannot set headers after they are sent to the client\n    at ServerResponse.setHeader (_http_outgoing.js:518:11)\n    at ServerResponse.header (E:\\Node_Projects\\courseProject\\node_modules\\express\\lib\\response.js:771:10)\n    at ServerResponse.send (E:\\Node_Projects\\courseProject\\node_modules\\express\\lib\\response.js:170:12)\n    at E:\\Node_Projects\\courseProject\\routes\\courses.js:28:44\n    at processTicksAndRejections (internal/process/task_queues.js:97:5)"}
{"message":"Connected to .. mongodb://localhost/playground_test","level":"info"}
{"message":"Connected to .. mongodb://localhost/playground_test","level":"info"}
{"message":"Connected to .. mongodb://localhost/playground_test","level":"info"}
{"message":"Connected to .. mongodb://localhost/playground_test","level":"info"}
{"code":"ERR_HTTP_HEADERS_SENT","level":"error","message":"Cannot set headers after they are sent to the client Cannot set headers after they are sent to the client","stack":"Error [ERR_HTTP_HEADERS_SENT]: Cannot set headers after they are sent to the client\n    at ServerResponse.setHeader (_http_outgoing.js:518:11)\n    at ServerResponse.header (E:\\Node_Projects\\courseProject\\node_modules\\express\\lib\\response.js:771:10)\n    at ServerResponse.send (E:\\Node_Projects\\courseProject\\node_modules\\express\\lib\\response.js:170:12)\n    at E:\\Node_Projects\\courseProject\\routes\\courses.js:28:44\n    at processTicksAndRejections (internal/process/task_queues.js:97:5)"}
{"message":"Connected to .. mongodb://localhost/playground_test","level":"info"}
{"message":"Connected to .. mongodb://localhost/playground_test","level":"info"}
{"message":"Connected to .. mongodb://localhost/playground_test","level":"info"}
{"message":"Connected to .. mongodb://localhost/playground_test","level":"info"}
{"message":"Connected to .. mongodb://localhost/playground_test","level":"info"}
{"message":"Connected to .. mongodb://localhost/playground_test","level":"info"}
{"code":"ERR_HTTP_HEADERS_SENT","level":"error","message":"Cannot set headers after they are sent to the client Cannot set headers after they are sent to the client","stack":"Error [ERR_HTTP_HEADERS_SENT]: Cannot set headers after they are sent to the client\n    at ServerResponse.setHeader (_http_outgoing.js:518:11)\n    at ServerResponse.header (E:\\Node_Projects\\courseProject\\node_modules\\express\\lib\\response.js:771:10)\n    at ServerResponse.send (E:\\Node_Projects\\courseProject\\node_modules\\express\\lib\\response.js:170:12)\n    at E:\\Node_Projects\\courseProject\\routes\\courses.js:28:44\n    at processTicksAndRejections (internal/process/task_queues.js:97:5)"}
{"message":"Connected to .. mongodb://localhost/playground_test","level":"info"}
{"message":"Connected to .. mongodb://localhost/playground_test","level":"info"}
{"message":"Connected to .. mongodb://localhost/playground_test","level":"info"}
{"message":"Connected to .. mongodb://localhost/playground_test","level":"info"}
{"message":"Connected to .. mongodb://localhost/playground_test","level":"info"}
{"code":"ERR_HTTP_HEADERS_SENT","level":"error","message":"Cannot set headers after they are sent to the client Cannot set headers after they are sent to the client","stack":"Error [ERR_HTTP_HEADERS_SENT]: Cannot set headers after they are sent to the client\n    at ServerResponse.setHeader (_http_outgoing.js:518:11)\n    at ServerResponse.header (E:\\Node_Projects\\courseProject\\node_modules\\express\\lib\\response.js:771:10)\n    at ServerResponse.send (E:\\Node_Projects\\courseProject\\node_modules\\express\\lib\\response.js:170:12)\n    at E:\\Node_Projects\\courseProject\\routes\\courses.js:28:44\n    at processTicksAndRejections (internal/process/task_queues.js:97:5)"}
{"message":"Connected to .. mongodb://localhost/playground_test","level":"info"}
{"message":"Connected to .. mongodb://localhost/playground_test","level":"info"}
{"message":"Connected to .. mongodb://localhost/playground_test","level":"info"}
{"message":"Connected to .. mongodb://localhost/playground_test","level":"info"}
{"message":"Connected to .. mongodb://localhost/playground_test","level":"info"}
{"code":"ERR_HTTP_HEADERS_SENT","level":"error","message":"Cannot set headers after they are sent to the client Cannot set headers after they are sent to the client","stack":"Error [ERR_HTTP_HEADERS_SENT]: Cannot set headers after they are sent to the client\n    at ServerResponse.setHeader (_http_outgoing.js:518:11)\n    at ServerResponse.header (E:\\Node_Projects\\courseProject\\node_modules\\express\\lib\\response.js:771:10)\n    at ServerResponse.send (E:\\Node_Projects\\courseProject\\node_modules\\express\\lib\\response.js:170:12)\n    at E:\\Node_Projects\\courseProject\\routes\\courses.js:28:44\n    at processTicksAndRejections (internal/process/task_queues.js:97:5)"}
{"message":"Connected to .. mongodb://localhost/playground_test","level":"info"}
{"message":"Connected to .. mongodb://localhost/playground_test","level":"info"}
{"message":"Connected to .. mongodb://localhost/playground_test","level":"info"}
{"message":"Connected to .. mongodb://localhost/playground_test","level":"info"}
{"message":"Connected to .. mongodb://localhost/playground_test","level":"info"}
{"code":"ERR_HTTP_HEADERS_SENT","level":"error","message":"Cannot set headers after they are sent to the client Cannot set headers after they are sent to the client","stack":"Error [ERR_HTTP_HEADERS_SENT]: Cannot set headers after they are sent to the client\n    at ServerResponse.setHeader (_http_outgoing.js:518:11)\n    at ServerResponse.header (E:\\Node_Projects\\courseProject\\node_modules\\express\\lib\\response.js:771:10)\n    at ServerResponse.send (E:\\Node_Projects\\courseProject\\node_modules\\express\\lib\\response.js:170:12)\n    at E:\\Node_Projects\\courseProject\\routes\\courses.js:28:44\n    at processTicksAndRejections (internal/process/task_queues.js:97:5)"}
{"message":"Connected to .. mongodb://localhost/playground_test","level":"info"}
{"message":"Connected to .. mongodb://localhost/playground_test","level":"info"}
{"message":"Connected to .. mongodb://localhost/playground_test","level":"info"}
{"message":"Connected to .. mongodb://localhost/playground_test","level":"info"}
{"code":"ERR_HTTP_HEADERS_SENT","level":"error","message":"Cannot set headers after they are sent to the client Cannot set headers after they are sent to the client","stack":"Error [ERR_HTTP_HEADERS_SENT]: Cannot set headers after they are sent to the client\n    at ServerResponse.setHeader (_http_outgoing.js:518:11)\n    at ServerResponse.header (E:\\Node_Projects\\courseProject\\node_modules\\express\\lib\\response.js:771:10)\n    at ServerResponse.send (E:\\Node_Projects\\courseProject\\node_modules\\express\\lib\\response.js:170:12)\n    at E:\\Node_Projects\\courseProject\\routes\\courses.js:28:44\n    at processTicksAndRejections (internal/process/task_queues.js:97:5)"}
{"message":"Connected to .. mongodb://localhost/playground_test","level":"info"}
{"message":"Connected to .. mongodb://localhost/playground_test","level":"info"}
{"message":"Connected to .. mongodb://localhost/playground_test","level":"info"}
{"message":"Connected to .. mongodb://localhost/playground_test","level":"info"}
{"message":"Connected to .. mongodb://localhost/playground_test","level":"info"}
{"message":"Connected to .. mongodb://localhost/playground_test","level":"info"}
{"code":"ERR_HTTP_HEADERS_SENT","level":"error","message":"Cannot set headers after they are sent to the client Cannot set headers after they are sent to the client","stack":"Error [ERR_HTTP_HEADERS_SENT]: Cannot set headers after they are sent to the client\n    at ServerResponse.setHeader (_http_outgoing.js:518:11)\n    at ServerResponse.header (E:\\Node_Projects\\courseProject\\node_modules\\express\\lib\\response.js:771:10)\n    at ServerResponse.send (E:\\Node_Projects\\courseProject\\node_modules\\express\\lib\\response.js:170:12)\n    at E:\\Node_Projects\\courseProject\\routes\\courses.js:28:44\n    at processTicksAndRejections (internal/process/task_queues.js:97:5)"}
{"message":"Connected to .. mongodb://localhost/playground_test","level":"info"}
{"message":"Connected to .. mongodb://localhost/playground_test","level":"info"}
{"message":"Connected to .. mongodb://localhost/playground_test","level":"info"}
{"message":"Connected to .. mongodb://localhost/playground_test","level":"info"}
{"message":"Connected to .. mongodb://localhost/playground_test","level":"info"}
{"code":"ERR_HTTP_HEADERS_SENT","level":"error","message":"Cannot set headers after they are sent to the client Cannot set headers after they are sent to the client","stack":"Error [ERR_HTTP_HEADERS_SENT]: Cannot set headers after they are sent to the client\n    at ServerResponse.setHeader (_http_outgoing.js:518:11)\n    at ServerResponse.header (E:\\Node_Projects\\courseProject\\node_modules\\express\\lib\\response.js:771:10)\n    at ServerResponse.send (E:\\Node_Projects\\courseProject\\node_modules\\express\\lib\\response.js:170:12)\n    at E:\\Node_Projects\\courseProject\\routes\\courses.js:28:44\n    at processTicksAndRejections (internal/process/task_queues.js:97:5)"}
{"message":"Connected to .. mongodb://localhost/playground_test","level":"info"}
{"message":"Connected to .. mongodb://localhost/playground_test","level":"info"}
{"message":"Connected to .. mongodb://localhost/playground_test","level":"info"}
{"message":"Connected to .. mongodb://localhost/playground_test","level":"info"}
{"message":"Connected to .. mongodb://localhost/playground_test","level":"info"}
{"code":"ERR_HTTP_HEADERS_SENT","level":"error","message":"Cannot set headers after they are sent to the client Cannot set headers after they are sent to the client","stack":"Error [ERR_HTTP_HEADERS_SENT]: Cannot set headers after they are sent to the client\n    at ServerResponse.setHeader (_http_outgoing.js:518:11)\n    at ServerResponse.header (E:\\Node_Projects\\courseProject\\node_modules\\express\\lib\\response.js:771:10)\n    at ServerResponse.send (E:\\Node_Projects\\courseProject\\node_modules\\express\\lib\\response.js:170:12)\n    at E:\\Node_Projects\\courseProject\\routes\\courses.js:28:44\n    at processTicksAndRejections (internal/process/task_queues.js:97:5)"}
{"message":"Connected to .. mongodb://localhost/playground_test","level":"info"}
{"message":"Connected to mongodb://localhost/playground_test","level":"info"}
{"message":"Connected to mongodb://localhost/playground_test","level":"info"}
{"message":"Connected to mongodb://localhost/playground_test","level":"info"}
{"message":"Connected to mongodb://localhost/playground_test","level":"info"}
{"code":"ERR_HTTP_HEADERS_SENT","level":"error","message":"Cannot set headers after they are sent to the client Cannot set headers after they are sent to the client","stack":"Error [ERR_HTTP_HEADERS_SENT]: Cannot set headers after they are sent to the client\n    at ServerResponse.setHeader (_http_outgoing.js:518:11)\n    at ServerResponse.header (E:\\Node_Projects\\courseProject\\node_modules\\express\\lib\\response.js:771:10)\n    at ServerResponse.send (E:\\Node_Projects\\courseProject\\node_modules\\express\\lib\\response.js:170:12)\n    at E:\\Node_Projects\\courseProject\\routes\\courses.js:28:44\n    at processTicksAndRejections (internal/process/task_queues.js:97:5)"}
{"message":"Connected to mongodb://localhost/playground_test","level":"info"}
{"message":"Connected to mongodb://localhost/playground_test","level":"info"}
{"message":"Connected to mongodb://localhost/playground_test","level":"info"}
{"message":"Connected to mongodb://localhost/playground_test","level":"info"}
{"message":"Connected to mongodb://localhost/playground_test","level":"info"}
{"code":"ERR_HTTP_HEADERS_SENT","level":"error","message":"Cannot set headers after they are sent to the client Cannot set headers after they are sent to the client","stack":"Error [ERR_HTTP_HEADERS_SENT]: Cannot set headers after they are sent to the client\n    at ServerResponse.setHeader (_http_outgoing.js:518:11)\n    at ServerResponse.header (E:\\Node_Projects\\courseProject\\node_modules\\express\\lib\\response.js:771:10)\n    at ServerResponse.send (E:\\Node_Projects\\courseProject\\node_modules\\express\\lib\\response.js:170:12)\n    at E:\\Node_Projects\\courseProject\\routes\\courses.js:28:44\n    at processTicksAndRejections (internal/process/task_queues.js:97:5)"}
{"message":"Connected to mongodb://localhost/playground_test","level":"info"}
{"message":"Connected to mongodb://localhost/playground_test","level":"info"}
{"message":"Connected to mongodb://localhost/playground_test","level":"info"}
{"message":"Connected to mongodb://localhost/playground_test","level":"info"}
{"message":"Connected to mongodb://localhost/playground_test","level":"info"}
{"code":"ERR_HTTP_HEADERS_SENT","level":"error","message":"Cannot set headers after they are sent to the client Cannot set headers after they are sent to the client","stack":"Error [ERR_HTTP_HEADERS_SENT]: Cannot set headers after they are sent to the client\n    at ServerResponse.setHeader (_http_outgoing.js:518:11)\n    at ServerResponse.header (E:\\Node_Projects\\courseProject\\node_modules\\express\\lib\\response.js:771:10)\n    at ServerResponse.send (E:\\Node_Projects\\courseProject\\node_modules\\express\\lib\\response.js:170:12)\n    at E:\\Node_Projects\\courseProject\\routes\\courses.js:28:44\n    at processTicksAndRejections (internal/process/task_queues.js:97:5)"}
{"message":"Connected to mongodb://localhost/playground_test","level":"info"}
{"message":"Connected to mongodb://localhost/playground_test","level":"info"}
{"message":"Connected to mongodb://localhost/playground_test","level":"info"}
{"message":"Connected to mongodb://localhost/playground_test","level":"info"}
{"message":"Connected to mongodb://localhost/playground_test","level":"info"}
{"code":"ERR_HTTP_HEADERS_SENT","level":"error","message":"Cannot set headers after they are sent to the client Cannot set headers after they are sent to the client","stack":"Error [ERR_HTTP_HEADERS_SENT]: Cannot set headers after they are sent to the client\n    at ServerResponse.setHeader (_http_outgoing.js:518:11)\n    at ServerResponse.header (E:\\Node_Projects\\courseProject\\node_modules\\express\\lib\\response.js:771:10)\n    at ServerResponse.send (E:\\Node_Projects\\courseProject\\node_modules\\express\\lib\\response.js:170:12)\n    at E:\\Node_Projects\\courseProject\\routes\\courses.js:28:44\n    at processTicksAndRejections (internal/process/task_queues.js:97:5)"}
{"message":"Connected to mongodb://localhost/playground_test","level":"info"}
{"message":"Connected to mongodb://localhost/playground_test","level":"info"}
{"message":"Connected to mongodb://localhost/playground_test","level":"info"}
{"message":"Connected to mongodb://localhost/playground_test","level":"info"}
{"message":"Connected to mongodb://localhost/playground_test","level":"info"}
{"code":"ERR_HTTP_HEADERS_SENT","level":"error","message":"Cannot set headers after they are sent to the client Cannot set headers after they are sent to the client","stack":"Error [ERR_HTTP_HEADERS_SENT]: Cannot set headers after they are sent to the client\n    at ServerResponse.setHeader (_http_outgoing.js:518:11)\n    at ServerResponse.header (E:\\Node_Projects\\courseProject\\node_modules\\express\\lib\\response.js:771:10)\n    at ServerResponse.send (E:\\Node_Projects\\courseProject\\node_modules\\express\\lib\\response.js:170:12)\n    at E:\\Node_Projects\\courseProject\\routes\\courses.js:28:44\n    at processTicksAndRejections (internal/process/task_queues.js:97:5)"}
{"message":"Connected to mongodb://localhost/playground_test","level":"info"}
{"message":"Connected to mongodb://localhost/playground","level":"info"}
{"message":"Connected to mongodb://localhost/playground","level":"info"}
{"message":"Connected to mongodb://localhost/playground_test","level":"info"}
{"message":"Connected to mongodb://localhost/playground_test","level":"info"}
{"code":"ERR_HTTP_HEADERS_SENT","level":"error","message":"Cannot set headers after they are sent to the client Cannot set headers after they are sent to the client","stack":"Error [ERR_HTTP_HEADERS_SENT]: Cannot set headers after they are sent to the client\n    at ServerResponse.setHeader (_http_outgoing.js:518:11)\n    at ServerResponse.header (E:\\Node_Projects\\courseProject\\node_modules\\express\\lib\\response.js:771:10)\n    at ServerResponse.send (E:\\Node_Projects\\courseProject\\node_modules\\express\\lib\\response.js:170:12)\n    at E:\\Node_Projects\\courseProject\\routes\\courses.js:28:44\n    at processTicksAndRejections (internal/process/task_queues.js:97:5)"}
{"message":"Connected to mongodb://localhost/playground_test","level":"info"}
{"message":"Connected to mongodb://localhost/playground_test","level":"info"}
{"message":"Connected to mongodb://localhost/playground_test","level":"info"}
{"message":"Connected to mongodb://localhost/playground_test","level":"info"}
{"message":"Connected to mongodb://localhost/playground_test","level":"info"}
{"message":"Connected to mongodb://localhost/playground_test","level":"info"}
{"message":"Connected to mongodb://localhost/playground_test","level":"info"}
{"code":"ERR_HTTP_HEADERS_SENT","level":"error","message":"Cannot set headers after they are sent to the client Cannot set headers after they are sent to the client","stack":"Error [ERR_HTTP_HEADERS_SENT]: Cannot set headers after they are sent to the client\n    at ServerResponse.setHeader (_http_outgoing.js:518:11)\n    at ServerResponse.header (E:\\Node_Projects\\courseProject\\node_modules\\express\\lib\\response.js:771:10)\n    at ServerResponse.send (E:\\Node_Projects\\courseProject\\node_modules\\express\\lib\\response.js:170:12)\n    at E:\\Node_Projects\\courseProject\\routes\\courses.js:28:44\n    at processTicksAndRejections (internal/process/task_queues.js:97:5)"}
{"message":"Connected to mongodb://localhost/playground_test","level":"info"}
{"message":"Connected to mongodb://localhost/playground_test","level":"info"}
{"message":"Connected to mongodb://localhost/playground_test","level":"info"}
{"message":"Connected to mongodb://localhost/playground_test","level":"info"}
{"message":"Connected to mongodb://localhost/playground_test","level":"info"}
{"code":"ERR_HTTP_HEADERS_SENT","level":"error","message":"Cannot set headers after they are sent to the client Cannot set headers after they are sent to the client","stack":"Error [ERR_HTTP_HEADERS_SENT]: Cannot set headers after they are sent to the client\n    at ServerResponse.setHeader (_http_outgoing.js:518:11)\n    at ServerResponse.header (E:\\Node_Projects\\courseProject\\node_modules\\express\\lib\\response.js:771:10)\n    at ServerResponse.send (E:\\Node_Projects\\courseProject\\node_modules\\express\\lib\\response.js:170:12)\n    at E:\\Node_Projects\\courseProject\\routes\\courses.js:28:44\n    at processTicksAndRejections (internal/process/task_queues.js:97:5)"}
{"message":"Connected to mongodb://localhost/playground_test","level":"info"}
{"message":"Connected to mongodb://localhost/playground_test","level":"info"}
{"message":"Connected to mongodb://localhost/playground_test","level":"info"}
{"message":"Connected to mongodb://localhost/playground_test","level":"info"}
{"code":"ERR_HTTP_HEADERS_SENT","level":"error","message":"Cannot set headers after they are sent to the client Cannot set headers after they are sent to the client","stack":"Error [ERR_HTTP_HEADERS_SENT]: Cannot set headers after they are sent to the client\n    at ServerResponse.setHeader (_http_outgoing.js:518:11)\n    at ServerResponse.header (E:\\Node_Projects\\courseProject\\node_modules\\express\\lib\\response.js:771:10)\n    at ServerResponse.send (E:\\Node_Projects\\courseProject\\node_modules\\express\\lib\\response.js:170:12)\n    at E:\\Node_Projects\\courseProject\\routes\\courses.js:28:44\n    at processTicksAndRejections (internal/process/task_queues.js:97:5)"}
{"message":"Connected to mongodb://localhost/playground_test","level":"info"}
{"message":"Connected to mongodb://localhost/playground_test","level":"info"}
{"message":"Connected to mongodb://localhost/playground_test","level":"info"}
{"message":"Connected to mongodb://localhost/playground_test","level":"info"}
{"message":"Connected to mongodb://localhost/playground_test","level":"info"}
{"code":"ERR_HTTP_HEADERS_SENT","level":"error","message":"Cannot set headers after they are sent to the client Cannot set headers after they are sent to the client","stack":"Error [ERR_HTTP_HEADERS_SENT]: Cannot set headers after they are sent to the client\n    at ServerResponse.setHeader (_http_outgoing.js:518:11)\n    at ServerResponse.header (E:\\Node_Projects\\courseProject\\node_modules\\express\\lib\\response.js:771:10)\n    at ServerResponse.send (E:\\Node_Projects\\courseProject\\node_modules\\express\\lib\\response.js:170:12)\n    at E:\\Node_Projects\\courseProject\\routes\\courses.js:28:44\n    at processTicksAndRejections (internal/process/task_queues.js:97:5)"}
{"message":"Connected to mongodb://localhost/playground_test","level":"info"}
{"message":"Connected to mongodb://localhost/playground_test","level":"info"}
{"message":"Connected to mongodb://localhost/playground_test","level":"info"}
{"message":"Connected to mongodb://localhost/playground_test","level":"info"}
{"message":"Connected to mongodb://localhost/playground_test","level":"info"}
{"message":"Connected to mongodb://localhost/playground_test","level":"info"}
{"message":"Connected to mongodb://localhost/playground_test","level":"info"}
{"code":"ERR_HTTP_HEADERS_SENT","level":"error","message":"Cannot set headers after they are sent to the client Cannot set headers after they are sent to the client","stack":"Error [ERR_HTTP_HEADERS_SENT]: Cannot set headers after they are sent to the client\n    at ServerResponse.setHeader (_http_outgoing.js:518:11)\n    at ServerResponse.header (E:\\Node_Projects\\courseProject\\node_modules\\express\\lib\\response.js:771:10)\n    at ServerResponse.send (E:\\Node_Projects\\courseProject\\node_modules\\express\\lib\\response.js:170:12)\n    at E:\\Node_Projects\\courseProject\\routes\\courses.js:28:44\n    at processTicksAndRejections (internal/process/task_queues.js:97:5)"}
{"message":"Connected to mongodb://localhost/playground_test","level":"info"}
{"message":"Connected to mongodb://localhost/playground_test","level":"info"}
{"message":"Connected to mongodb://localhost/playground_test","level":"info"}
{"message":"Connected to mongodb://localhost/playground_test","level":"info"}
{"message":"Connected to mongodb://localhost/playground_test","level":"info"}
{"message":"Connected to mongodb://localhost/playground_test","level":"info"}
{"code":"ERR_HTTP_HEADERS_SENT","level":"error","message":"Cannot set headers after they are sent to the client Cannot set headers after they are sent to the client","stack":"Error [ERR_HTTP_HEADERS_SENT]: Cannot set headers after they are sent to the client\n    at ServerResponse.setHeader (_http_outgoing.js:518:11)\n    at ServerResponse.header (E:\\Node_Projects\\courseProject\\node_modules\\express\\lib\\response.js:771:10)\n    at ServerResponse.send (E:\\Node_Projects\\courseProject\\node_modules\\express\\lib\\response.js:170:12)\n    at E:\\Node_Projects\\courseProject\\routes\\courses.js:28:44\n    at processTicksAndRejections (internal/process/task_queues.js:97:5)"}
{"message":"Connected to mongodb://localhost/playground_test","level":"info"}
{"message":"Connected to mongodb://localhost/playground_test","level":"info"}
{"message":"Connected to mongodb://localhost/playground_test","level":"info"}
{"message":"Connected to mongodb://localhost/playground_test","level":"info"}
{"message":"Connected to mongodb://localhost/playground_test","level":"info"}
{"message":"Connected to mongodb://localhost/playground_test","level":"info"}
{"code":"ERR_HTTP_HEADERS_SENT","level":"error","message":"Cannot set headers after they are sent to the client Cannot set headers after they are sent to the client","stack":"Error [ERR_HTTP_HEADERS_SENT]: Cannot set headers after they are sent to the client\n    at ServerResponse.setHeader (_http_outgoing.js:518:11)\n    at ServerResponse.header (E:\\Node_Projects\\courseProject\\node_modules\\express\\lib\\response.js:771:10)\n    at ServerResponse.send (E:\\Node_Projects\\courseProject\\node_modules\\express\\lib\\response.js:170:12)\n    at E:\\Node_Projects\\courseProject\\routes\\courses.js:28:44\n    at processTicksAndRejections (internal/process/task_queues.js:97:5)"}
{"message":"Connected to mongodb://localhost/playground_test","level":"info"}
{"message":"Connected to mongodb://localhost/playground_test","level":"info"}
{"message":"Connected to mongodb://localhost/playground_test","level":"info"}
{"message":"Connected to mongodb://localhost/playground_test","level":"info"}
{"message":"Connected to mongodb://localhost/playground_test","level":"info"}
{"message":"Connected to mongodb://localhost/playground_test","level":"info"}
{"code":"ERR_HTTP_HEADERS_SENT","level":"error","message":"Cannot set headers after they are sent to the client Cannot set headers after they are sent to the client","stack":"Error [ERR_HTTP_HEADERS_SENT]: Cannot set headers after they are sent to the client\n    at ServerResponse.setHeader (_http_outgoing.js:518:11)\n    at ServerResponse.header (E:\\Node_Projects\\courseProject\\node_modules\\express\\lib\\response.js:771:10)\n    at ServerResponse.send (E:\\Node_Projects\\courseProject\\node_modules\\express\\lib\\response.js:170:12)\n    at E:\\Node_Projects\\courseProject\\routes\\courses.js:28:44\n    at processTicksAndRejections (internal/process/task_queues.js:97:5)"}
{"message":"Connected to mongodb://localhost/playground_test","level":"info"}
{"message":"Connected to mongodb://localhost/playground_test","level":"info"}
{"message":"Connected to mongodb://localhost/playground_test","level":"info"}
{"message":"Connected to mongodb://localhost/playground_test","level":"info"}
{"message":"Connected to mongodb://localhost/playground_test","level":"info"}
{"message":"Connected to mongodb://localhost/playground_test","level":"info"}
{"message":"Connected to mongodb://localhost/playground_test","level":"info"}
{"message":"Connected to mongodb://localhost/playground_test","level":"info"}
{"code":"ERR_HTTP_HEADERS_SENT","level":"error","message":"Cannot set headers after they are sent to the client Cannot set headers after they are sent to the client","stack":"Error [ERR_HTTP_HEADERS_SENT]: Cannot set headers after they are sent to the client\n    at ServerResponse.setHeader (_http_outgoing.js:518:11)\n    at ServerResponse.header (E:\\Node_Projects\\courseProject\\node_modules\\express\\lib\\response.js:771:10)\n    at ServerResponse.send (E:\\Node_Projects\\courseProject\\node_modules\\express\\lib\\response.js:170:12)\n    at E:\\Node_Projects\\courseProject\\routes\\courses.js:28:44\n    at processTicksAndRejections (internal/process/task_queues.js:97:5)"}
{"message":"Connected to mongodb://localhost/playground_test","level":"info"}
{"message":"Connected to mongodb://localhost/playground_test","level":"info"}
{"message":"Connected to mongodb://localhost/playground_test","level":"info"}
{"message":"Connected to mongodb://localhost/playground_test","level":"info"}
{"code":"ERR_HTTP_HEADERS_SENT","level":"error","message":"Cannot set headers after they are sent to the client Cannot set headers after they are sent to the client","stack":"Error [ERR_HTTP_HEADERS_SENT]: Cannot set headers after they are sent to the client\n    at ServerResponse.setHeader (_http_outgoing.js:518:11)\n    at ServerResponse.header (E:\\Node_Projects\\courseProject\\node_modules\\express\\lib\\response.js:771:10)\n    at ServerResponse.send (E:\\Node_Projects\\courseProject\\node_modules\\express\\lib\\response.js:170:12)\n    at E:\\Node_Projects\\courseProject\\routes\\courses.js:28:44\n    at processTicksAndRejections (internal/process/task_queues.js:97:5)"}
{"message":"Connected to mongodb://localhost/playground_test","level":"info"}
{"message":"Connected to mongodb://localhost/playground_test","level":"info"}
{"message":"Connected to mongodb://localhost/playground_test","level":"info"}
{"message":"Connected to mongodb://localhost/playground_test","level":"info"}
{"message":"Connected to mongodb://localhost/playground_test","level":"info"}
{"message":"Connected to mongodb://localhost/playground_test","level":"info"}
{"code":"ERR_HTTP_HEADERS_SENT","level":"error","message":"Cannot set headers after they are sent to the client Cannot set headers after they are sent to the client","stack":"Error [ERR_HTTP_HEADERS_SENT]: Cannot set headers after they are sent to the client\n    at ServerResponse.setHeader (_http_outgoing.js:518:11)\n    at ServerResponse.header (E:\\Node_Projects\\courseProject\\node_modules\\express\\lib\\response.js:771:10)\n    at ServerResponse.send (E:\\Node_Projects\\courseProject\\node_modules\\express\\lib\\response.js:170:12)\n    at E:\\Node_Projects\\courseProject\\routes\\courses.js:28:44\n    at processTicksAndRejections (internal/process/task_queues.js:97:5)"}
{"message":"Connected to mongodb://localhost/playground_test","level":"info"}
{"message":"Connected to mongodb://localhost/playground_test","level":"info"}
{"message":"Connected to mongodb://localhost/playground_test","level":"info"}
{"message":"Connected to mongodb://localhost/playground_test","level":"info"}
{"message":"Connected to mongodb://localhost/playground_test","level":"info"}
{"message":"Connected to mongodb://localhost/playground_test","level":"info"}
{"code":"ERR_HTTP_HEADERS_SENT","level":"error","message":"Cannot set headers after they are sent to the client Cannot set headers after they are sent to the client","stack":"Error [ERR_HTTP_HEADERS_SENT]: Cannot set headers after they are sent to the client\n    at ServerResponse.setHeader (_http_outgoing.js:518:11)\n    at ServerResponse.header (E:\\Node_Projects\\courseProject\\node_modules\\express\\lib\\response.js:771:10)\n    at ServerResponse.send (E:\\Node_Projects\\courseProject\\node_modules\\express\\lib\\response.js:170:12)\n    at E:\\Node_Projects\\courseProject\\routes\\courses.js:28:44\n    at processTicksAndRejections (internal/process/task_queues.js:97:5)"}
{"message":"Connected to mongodb://localhost/playground_test","level":"info"}
{"message":"Connected to mongodb://localhost/playground_test","level":"info"}
{"message":"Connected to mongodb://localhost/playground_test","level":"info"}
{"message":"Connected to mongodb://localhost/playground_test","level":"info"}
{"message":"Connected to mongodb://localhost/playground_test","level":"info"}
{"message":"Connected to mongodb://localhost/playground_test","level":"info"}
{"code":"ERR_HTTP_HEADERS_SENT","level":"error","message":"Cannot set headers after they are sent to the client Cannot set headers after they are sent to the client","stack":"Error [ERR_HTTP_HEADERS_SENT]: Cannot set headers after they are sent to the client\n    at ServerResponse.setHeader (_http_outgoing.js:518:11)\n    at ServerResponse.header (E:\\Node_Projects\\courseProject\\node_modules\\express\\lib\\response.js:771:10)\n    at ServerResponse.send (E:\\Node_Projects\\courseProject\\node_modules\\express\\lib\\response.js:170:12)\n    at E:\\Node_Projects\\courseProject\\routes\\courses.js:28:44\n    at processTicksAndRejections (internal/process/task_queues.js:97:5)"}
{"message":"Connected to mongodb://localhost/playground_test","level":"info"}
{"message":"Connected to mongodb://localhost/playground_test","level":"info"}
{"message":"Connected to mongodb://localhost/playground_test","level":"info"}
{"message":"Connected to mongodb://localhost/playground_test","level":"info"}
{"message":"Connected to mongodb://localhost/playground_test","level":"info"}
{"message":"Connected to mongodb://localhost/playground_test","level":"info"}
{"message":"Connected to mongodb://localhost/playground_test","level":"info"}
{"message":"Connected to mongodb://localhost/playground_test","level":"info"}
{"code":"ERR_HTTP_HEADERS_SENT","level":"error","message":"Cannot set headers after they are sent to the client Cannot set headers after they are sent to the client","stack":"Error [ERR_HTTP_HEADERS_SENT]: Cannot set headers after they are sent to the client\n    at ServerResponse.setHeader (_http_outgoing.js:518:11)\n    at ServerResponse.header (E:\\Node_Projects\\courseProject\\node_modules\\express\\lib\\response.js:771:10)\n    at ServerResponse.send (E:\\Node_Projects\\courseProject\\node_modules\\express\\lib\\response.js:170:12)\n    at E:\\Node_Projects\\courseProject\\routes\\courses.js:28:44\n    at processTicksAndRejections (internal/process/task_queues.js:97:5)"}
{"message":"Connected to mongodb://localhost/playground_test","level":"info"}
{"message":"Connected to mongodb://localhost/playground_test","level":"info"}
{"message":"Connected to mongodb://localhost/playground_test","level":"info"}
{"message":"Connected to mongodb://localhost/playground_test","level":"info"}
{"message":"Connected to mongodb://localhost/playground_test","level":"info"}
{"message":"Connected to mongodb://localhost/playground_test","level":"info"}
{"code":"ERR_HTTP_HEADERS_SENT","level":"error","message":"Cannot set headers after they are sent to the client Cannot set headers after they are sent to the client","stack":"Error [ERR_HTTP_HEADERS_SENT]: Cannot set headers after they are sent to the client\n    at ServerResponse.setHeader (_http_outgoing.js:518:11)\n    at ServerResponse.header (E:\\Node_Projects\\courseProject\\node_modules\\express\\lib\\response.js:771:10)\n    at ServerResponse.send (E:\\Node_Projects\\courseProject\\node_modules\\express\\lib\\response.js:170:12)\n    at E:\\Node_Projects\\courseProject\\routes\\courses.js:28:44\n    at processTicksAndRejections (internal/process/task_queues.js:97:5)"}
{"message":"Connected to mongodb://localhost/playground_test","level":"info"}
{"message":"Connected to mongodb://localhost/playground_test","level":"info"}
